<?xml version="1.0" encoding="UTF-8"?>
<!-- Generated by org.testng.reporters.JUnitReportReporter -->
<testsuite skipped="0" hostname="DJ" name="dataProviders.SimpleTest" tests="2" failures="0" timestamp="08 Dec 2020 13:51:36 GMT" time="45.408" errors="0">
  <testcase name="search" time="17.169" classname="dataProviders.SimpleTest"/>
  <testcase name="search" time="28.239" classname="dataProviders.SimpleTest"/>
</testsuite> <!-- dataProviders.SimpleTest -->
