<?xml version="1.0" encoding="UTF-8"?>
<!-- Generated by org.testng.reporters.JUnitReportReporter -->
<testsuite skipped="0" hostname="DJ" name="seleniumTest.HomePageTest" tests="1" failures="0" timestamp="06 Dec 2020 02:09:36 GMT" time="28.207" errors="0">
  <testcase name="homePage" time="28.207" classname="seleniumTest.HomePageTest"/>
</testsuite> <!-- seleniumTest.HomePageTest -->
