<?xml version="1.0" encoding="UTF-8"?>
<!-- Generated by org.testng.reporters.JUnitReportReporter -->
<testsuite skipped="0" hostname="DJ" name="seleniumTest.BrowserTest" tests="1" failures="0" timestamp="30 Nov 2020 13:18:51 GMT" time="60.035" errors="0">
  <testcase name="getText" time="60.035" classname="seleniumTest.BrowserTest"/>
</testsuite> <!-- seleniumTest.BrowserTest -->
