<?xml version="1.0" encoding="UTF-8"?>
<!-- Generated by org.testng.reporters.JUnitReportReporter -->
<testsuite skipped="0" hostname="DJ" name="BrowserTest" tests="1" failures="0" timestamp="17 Oct 2020 12:16:26 GMT" time="17.172" errors="0">
  <testcase name="getText" time="17.172" classname="BrowserTest"/>
</testsuite> <!-- BrowserTest -->
