<?xml version="1.0" encoding="UTF-8"?>
<!-- Generated by org.testng.reporters.JUnitReportReporter -->
<testsuite skipped="0" hostname="DJ" name="utils.ExcelUtils" tests="2" failures="0" timestamp="01 Dec 2020 11:47:06 GMT" time="1.087" errors="0">
  <testcase name="getData" time="0.996" classname="utils.ExcelUtils"/>
  <testcase name="getCellData" time="0.091" classname="utils.ExcelUtils"/>
</testsuite> <!-- utils.ExcelUtils -->
