<?xml version="1.0" encoding="UTF-8"?>
<!-- Generated by org.testng.reporters.JUnitReportReporter -->
<testsuite skipped="0" hostname="DJ" name="seleniumTest.BrowserTest21" tests="1" failures="0" timestamp="30 Nov 2020 13:18:51 GMT" time="56.954" errors="0">
  <testcase name="getText1" time="56.954" classname="seleniumTest.BrowserTest21"/>
</testsuite> <!-- seleniumTest.BrowserTest21 -->
