<?xml version="1.0" encoding="UTF-8"?>
<!-- Generated by org.testng.reporters.JUnitReportReporter -->
<testsuite skipped="0" hostname="DJ" name="dataprovider.TestClass" tests="2" failures="0" timestamp="08 Dec 2020 14:10:01 GMT" time="38.209" errors="0">
  <testcase name="search" time="16.457" classname="dataprovider.TestClass"/>
  <testcase name="search" time="21.752" classname="dataprovider.TestClass"/>
</testsuite> <!-- dataprovider.TestClass -->
